<?xml version="1.0" encoding="UTF-8"?>
<testsuite name="com.example.pipeline_core.DocumentLayouterSmokeTest" tests="1" skipped="0" failures="0" errors="0" timestamp="2025-10-27T21:58:16.823Z" hostname="GARDEN" time="3.299">
  <properties/>
  <testcase name="autoPaperAndEnhance" classname="com.example.pipeline_core.DocumentLayouterSmokeTest" time="3.299"/>
  <system-out><![CDATA[]]></system-out>
  <system-err><![CDATA[]]></system-err>
</testsuite>
